2022-05-31 14:32:06[[37minfo[0m] akka.event.slf4j.Slf4jLogger.applyOrElse:107 - Slf4jLogger started
2022-05-31 14:32:06[[37minfo[0m] play.api.http.EnabledFilters.printMessageInDevMode:120 - Enabled Filters (see <https://www.playframework.com/documentation/latest/Filters>):

    play.filters.headers.SecurityHeadersFilter
    play.filters.hosts.AllowedHostsFilter
    play.filters.cors.CORSFilter

2022-05-31 14:32:06[[37minfo[0m] play.api.Play.start:94 - Application started (Dev) (no global state)
2022-05-31 14:32:07[[37minfo[0m] org.mongodb.driver.cluster.info:71 - Cluster created with settings {hosts=[localhost:27017], mode=MULTIPLE, requiredClusterType=UNKNOWN, serverSelectionTimeout='30000 ms', maxWaitQueueSize=500}
2022-05-31 14:32:07[[37minfo[0m] org.mongodb.driver.cluster.info:71 - Adding discovered server localhost:27017 to client view of cluster
2022-05-31 14:32:07[[37minfo[0m] org.mongodb.driver.connection.info:71 - Opened connection [connectionId{localValue:1, serverValue:1}] to localhost:27017
2022-05-31 14:32:07[[37minfo[0m] org.mongodb.driver.cluster.info:71 - Monitor thread successfully connected to server with description ServerDescription{address=localhost:27017, type=STANDALONE, state=CONNECTED, ok=true, version=ServerVersion{versionList=[5, 0, 8]}, minWireVersion=0, maxWireVersion=13, maxDocumentSize=16777216, logicalSessionTimeoutMinutes=30, roundTripTimeNanos=2928985}
2022-05-31 14:32:07[[37minfo[0m] org.mongodb.driver.cluster.info:71 - Discovered cluster type of STANDALONE
2022-05-31 14:32:07[[37minfo[0m] o.h.v.internal.util.Version.<clinit>:21 - HV000001: Hibernate Validator 6.1.7.Final
2022-05-31 14:32:23[[36mdebug[0m] d.c.l.c.UserController.login:105 - POST /login
2022-05-31 14:32:23[[36mdebug[0m] d.c.l.c.UserController.login:107 - 127.0.0.1
2022-05-31 14:32:23[[37minfo[0m] org.mongodb.driver.connection.info:71 - Opened connection [connectionId{localValue:2, serverValue:2}] to localhost:27017
2022-05-31 14:32:23[[31merror[0m] d.c.l.c.UserController.login:113 - 
dot.cpp.login.exceptions.LoginException: null
	at dot.cpp.login.service.LoginService.login(LoginService.java:44)
	at dot.cpp.login.controllers.UserController.login(UserController.java:109)
	at router.Routes$$anonfun$routes$1.$anonfun$applyOrElse$19(Routes.scala:407)
	at play.core.routing.HandlerInvokerFactory$$anon$8.resultCall(HandlerInvoker.scala:150)
	at play.core.routing.HandlerInvokerFactory$$anon$8.resultCall(HandlerInvoker.scala:149)
	at play.core.routing.HandlerInvokerFactory$JavaActionInvokerFactory$$anon$3$$anon$4$$anon$5.invocation(HandlerInvoker.scala:115)
	at play.core.j.JavaAction$$anon$1.call(JavaAction.scala:119)
	at play.http.DefaultActionCreator$1.call(DefaultActionCreator.java:33)
	at play.core.j.JavaAction.$anonfun$apply$8(JavaAction.scala:175)
	at scala.concurrent.Future$.$anonfun$apply$1(Future.scala:678)
	at scala.concurrent.impl.Promise$Transformation.run(Promise.scala:467)
	at play.core.j.HttpExecutionContext.$anonfun$execute$1(HttpExecutionContext.scala:64)
	at play.api.libs.streams.Execution$trampoline$.execute(Execution.scala:70)
	at play.core.j.HttpExecutionContext.execute(HttpExecutionContext.scala:59)
	at scala.concurrent.impl.Promise$Transformation.submitWithValue(Promise.scala:429)
	at scala.concurrent.impl.Promise$DefaultPromise.submitWithValue(Promise.scala:338)
	at scala.concurrent.impl.Promise$DefaultPromise.dispatchOrAddCallbacks(Promise.scala:312)
	at scala.concurrent.impl.Promise$DefaultPromise.map(Promise.scala:182)
	at scala.concurrent.Future$.apply(Future.scala:678)
	at play.core.j.JavaAction.apply(JavaAction.scala:176)
	at play.api.mvc.Action.$anonfun$apply$4(Action.scala:82)
	at scala.concurrent.impl.Promise$Transformation.run(Promise.scala:470)
	at akka.dispatch.BatchingExecutor$AbstractBatch.processBatch(BatchingExecutor.scala:63)
	at akka.dispatch.BatchingExecutor$BlockableBatch.$anonfun$run$1(BatchingExecutor.scala:100)
	at scala.runtime.java8.JFunction0$mcV$sp.apply(JFunction0$mcV$sp.scala:18)
	at scala.concurrent.BlockContext$.withBlockContext(BlockContext.scala:94)
	at akka.dispatch.BatchingExecutor$BlockableBatch.run(BatchingExecutor.scala:100)
	at akka.dispatch.TaskInvocation.run(AbstractDispatcher.scala:49)
	at akka.dispatch.ForkJoinExecutorConfigurator$AkkaForkJoinTask.exec(ForkJoinExecutorConfigurator.scala:48)
	at java.base/java.util.concurrent.ForkJoinTask.doExec(ForkJoinTask.java:290)
	at java.base/java.util.concurrent.ForkJoinPool$WorkQueue.topLevelExec(ForkJoinPool.java:1020)
	at java.base/java.util.concurrent.ForkJoinPool.scan(ForkJoinPool.java:1656)
	at java.base/java.util.concurrent.ForkJoinPool.runWorker(ForkJoinPool.java:1594)
	at java.base/java.util.concurrent.ForkJoinWorkerThread.run(ForkJoinWorkerThread.java:183)
2022-05-31 14:33:06[[36mdebug[0m] d.c.l.c.UserController.login:105 - POST /login
2022-05-31 14:33:06[[36mdebug[0m] d.c.l.c.UserController.login:107 - 127.0.0.1
2022-05-31 14:33:06[[36mdebug[0m] d.c.login.service.LoginService.login:52 - 6294b8f985e88c11b6f5f66c
2022-05-31 14:33:06[[36mdebug[0m] d.c.login.service.LoginService.login:61 - eyJhbGciOiJIUzUxMiJ9.eyJzdWIiOiI2Mjk0YjhmOTg1ZTg4YzExYjZmNWY2NmMiLCJleHAiOjE2NTM5OTc5ODZ9.wVSdxYGNIp2bBEd219FXohPhnZJQG3XOkq9vcyY6vqvRbHfNJYOdkd7wEjVnhrmwj1NZvwpUlbupsm_cL-8Y3A
2022-05-31 14:33:06[[36mdebug[0m] d.c.login.service.LoginService.login:75 - {"userId":{"timestamp":1653913849,"counter":16119404,"randomValue1":8775820,"randomValue2":4534},"sessionIp":"127.0.0.1","refreshExpiryDate":1654083186352,"accessToken":"eyJhbGciOiJIUzUxMiJ9.eyJzdWIiOiI2Mjk0YjhmOTg1ZTg4YzExYjZmNWY2NmMiLCJleHAiOjE2NTM5OTc5ODZ9.wVSdxYGNIp2bBEd219FXohPhnZJQG3XOkq9vcyY6vqvRbHfNJYOdkd7wEjVnhrmwj1NZvwpUlbupsm_cL-8Y3A","refreshToken":"d86fbc2f-f77d-4112-b283-e47e6b0b9d2d","createTime":1653996786403,"id":{"timestamp":1653996786,"counter":14436668,"randomValue1":2616292,"randomValue2":8257}}
2022-05-31 14:33:06[[36mdebug[0m] d.c.l.c.UserController.login:110 - {"userId":{"timestamp":1653913849,"counter":16119404,"randomValue1":8775820,"randomValue2":4534},"sessionIp":"127.0.0.1","refreshExpiryDate":1654083186352,"accessToken":"eyJhbGciOiJIUzUxMiJ9.eyJzdWIiOiI2Mjk0YjhmOTg1ZTg4YzExYjZmNWY2NmMiLCJleHAiOjE2NTM5OTc5ODZ9.wVSdxYGNIp2bBEd219FXohPhnZJQG3XOkq9vcyY6vqvRbHfNJYOdkd7wEjVnhrmwj1NZvwpUlbupsm_cL-8Y3A","refreshToken":"d86fbc2f-f77d-4112-b283-e47e6b0b9d2d","createTime":1653996786403,"id":{"timestamp":1653996786,"counter":14436668,"randomValue1":2616292,"randomValue2":8257}}
2022-05-31 14:33:37[[36mdebug[0m] d.c.l.a.AuthenticationAction.call:39 - Authentication
2022-05-31 14:33:37[[36mdebug[0m] d.c.l.a.AuthenticationAction.call:40 - request: GET /invite-user
2022-05-31 14:33:37[[36mdebug[0m] d.c.l.a.AuthenticationAction.call:41 - authHeader: 
2022-05-31 14:33:37[[36mdebug[0m] d.c.l.a.AuthenticationAction.call:42 - authCookie: eyJhbGciOiJIUzUxMiJ9.eyJzdWIiOiI2Mjk0YjhmOTg1ZTg4YzExYjZmNWY2NmMiLCJleHAiOjE2NTM5OTc5ODZ9.wVSdxYGNIp2bBEd219FXohPhnZJQG3XOkq9vcyY6vqvRbHfNJYOdkd7wEjVnhrmwj1NZvwpUlbupsm_cL-8Y3A
2022-05-31 14:33:37[[36mdebug[0m] d.c.l.a.AuthenticationAction.call:57 - eyJhbGciOiJIUzUxMiJ9.eyJzdWIiOiI2Mjk0YjhmOTg1ZTg4YzExYjZmNWY2NmMiLCJleHAiOjE2NTM5OTc5ODZ9.wVSdxYGNIp2bBEd219FXohPhnZJQG3XOkq9vcyY6vqvRbHfNJYOdkd7wEjVnhrmwj1NZvwpUlbupsm_cL-8Y3A
2022-05-31 14:33:37[[36mdebug[0m] d.c.login.service.LoginService.extractJwt:85 - eyJhbGciOiJIUzUxMiJ9.eyJzdWIiOiI2Mjk0YjhmOTg1ZTg4YzExYjZmNWY2NmMiLCJleHAiOjE2NTM5OTc5ODZ9.wVSdxYGNIp2bBEd219FXohPhnZJQG3XOkq9vcyY6vqvRbHfNJYOdkd7wEjVnhrmwj1NZvwpUlbupsm_cL-8Y3A
2022-05-31 14:33:37[[36mdebug[0m] d.c.login.service.LoginService.extractJwt:89 - header={alg=HS512},body={sub=6294b8f985e88c11b6f5f66c, exp=1.653997986E9},signature=wVSdxYGNIp2bBEd219FXohPhnZJQG3XOkq9vcyY6vqvRbHfNJYOdkd7wEjVnhrmwj1NZvwpUlbupsm_cL-8Y3A
2022-05-31 14:33:37[[36mdebug[0m] d.c.l.c.UserController.inviteUserPage:152 - {"userId":{"timestamp":1653913849,"counter":16119404,"randomValue1":8775820,"randomValue2":4534},"sessionIp":"127.0.0.1","refreshExpiryDate":1654083186352,"accessToken":"eyJhbGciOiJIUzUxMiJ9.eyJzdWIiOiI2Mjk0YjhmOTg1ZTg4YzExYjZmNWY2NmMiLCJleHAiOjE2NTM5OTc5ODZ9.wVSdxYGNIp2bBEd219FXohPhnZJQG3XOkq9vcyY6vqvRbHfNJYOdkd7wEjVnhrmwj1NZvwpUlbupsm_cL-8Y3A","refreshToken":"d86fbc2f-f77d-4112-b283-e47e6b0b9d2d","createTime":1653996786403,"id":{"timestamp":1653996786,"counter":14436668,"randomValue1":2616292,"randomValue2":8257}}
2022-05-31 14:33:37[[36mdebug[0m] d.c.l.c.UserController.inviteUserPage:155 - {"userName":"mareUser","password":"@Parola12","role":"ADMIN","status":"ACTIVE","email":"andrewdobra2000@gmail.com","resetPasswordUuid":"","id":{"timestamp":1653913849,"counter":16119404,"randomValue1":8775820,"randomValue2":4534}}
